<?xml version="1.0" encoding="UTF-8"?>
<!-- Generated by org.testng.reporters.JUnitReportReporter -->
<testsuite hostname="LAPTOP-K6TC2A2S" name="extendReports.ExtentReportDemo" tests="1" failures="0" timestamp="29 Nov 2023 06:09:34 GMT" time="6.820" errors="0">
  <testcase name="InitialDemo" time="6.820" classname="extendReports.ExtentReportDemo"/>
</testsuite> <!-- extendReports.ExtentReportDemo -->
