<?xml version="1.0" encoding="UTF-8"?>
<!-- Generated by org.testng.reporters.JUnitReportReporter -->
<testsuite skipped="0" hostname="DESKTOP-43OLE1J" name="testNG_pgm.Assert_1" tests="1" failures="0" timestamp="08 Sep 2021 07:52:02 GMT" time="15.080" errors="0">
  <testcase name="check_selected" time="15.080" classname="testNG_pgm.Assert_1"/>
</testsuite> <!-- testNG_pgm.Assert_1 -->
