<?xml version="1.0" encoding="UTF-8"?>
<!-- Generated by org.testng.reporters.JUnitReportReporter -->
<testsuite skipped="0" hostname="DESKTOP-43OLE1J" name="testNG_pgm.Reporter_log" tests="3" failures="0" timestamp="14 Sep 2021 05:06:05 GMT" time="0.026" errors="0">
  <testcase name="m2" time="0.004" classname="testNG_pgm.Reporter_log"/>
  <testcase name="m1" time="0.019" classname="testNG_pgm.Reporter_log"/>
  <testcase name="m3" time="0.003" classname="testNG_pgm.Reporter_log"/>
</testsuite> <!-- testNG_pgm.Reporter_log -->
