<?xml version="1.0" encoding="UTF-8"?>
<!-- Generated by org.testng.reporters.JUnitReportReporter -->
<testsuite skipped="0" hostname="DESKTOP-43OLE1J" name="testNG_pgm.Priority_1" tests="3" failures="0" timestamp="07 Sep 2021 10:35:36 GMT" time="0.020" errors="0">
  <testcase name="btest" time="0.014" classname="testNG_pgm.Priority_1"/>
  <testcase name="ctest" time="0.002" classname="testNG_pgm.Priority_1"/>
  <testcase name="atest" time="0.004" classname="testNG_pgm.Priority_1"/>
</testsuite> <!-- testNG_pgm.Priority_1 -->
