<?xml version="1.0" encoding="UTF-8"?>
<!-- Generated by org.testng.reporters.JUnitReportReporter -->
<testsuite skipped="0" hostname="DESKTOP-43OLE1J" name="testNG_pgm.P2" tests="1" failures="0" timestamp="07 Sep 2021 05:33:01 GMT" time="15.379" errors="0">
  <testcase name="acti_time" time="15.379" classname="testNG_pgm.P2"/>
</testsuite> <!-- testNG_pgm.P2 -->
