<?xml version="1.0" encoding="UTF-8"?>
<!-- Generated by org.testng.reporters.JUnitReportReporter -->
<testsuite skipped="0" hostname="DESKTOP-43OLE1J" name="testNG_pgm.P5" tests="2" failures="0" timestamp="07 Sep 2021 06:08:35 GMT" time="27.859" errors="0">
  <testcase name="actitime" time="13.425" classname="testNG_pgm.P5"/>
  <testcase name="actitime" time="14.434" classname="testNG_pgm.P5"/>
</testsuite> <!-- testNG_pgm.P5 -->
