<?xml version="1.0" encoding="UTF-8"?>
<!-- Generated by org.testng.reporters.JUnitReportReporter -->
<testsuite skipped="0" hostname="DESKTOP-43OLE1J" name="testNG_pgm.Groups" tests="4" failures="0" timestamp="13 Sep 2021 13:08:42 GMT" time="0.038" errors="0">
  <testcase name="m2" time="0.001" classname="testNG_pgm.Groups"/>
  <testcase name="m3" time="0.014" classname="testNG_pgm.Groups"/>
  <testcase name="m1" time="0.023" classname="testNG_pgm.Groups"/>
  <testcase name="m4" time="0.000" classname="testNG_pgm.Groups"/>
</testsuite> <!-- testNG_pgm.Groups -->
