<?xml version="1.0" encoding="UTF-8"?>
<!-- Generated by org.testng.reporters.JUnitReportReporter -->
<testsuite skipped="0" hostname="DESKTOP-43OLE1J" name="testNG_pgm.P3" tests="1" failures="0" timestamp="07 Sep 2021 05:44:54 GMT" time="11.604" errors="0">
  <testcase name="actilogin" time="11.604" classname="testNG_pgm.P3"/>
</testsuite> <!-- testNG_pgm.P3 -->
