<?xml version="1.0" encoding="UTF-8"?>
<!-- Generated by org.testng.reporters.JUnitReportReporter -->
<testsuite skipped="0" hostname="DESKTOP-43OLE1J" name="testNG_pgm.Soft_Assert" tests="1" failures="0" timestamp="13 Sep 2021 11:46:06 GMT" time="12.746" errors="0">
  <testcase name="linkisdisplayed" time="12.746" classname="testNG_pgm.Soft_Assert"/>
</testsuite> <!-- testNG_pgm.Soft_Assert -->
