<?xml version="1.0" encoding="UTF-8"?>
<!-- Generated by org.testng.reporters.JUnitReportReporter -->
<testsuite skipped="0" hostname="DESKTOP-43OLE1J" name="testNG_pgm.Priority" tests="3" failures="0" timestamp="07 Sep 2021 10:35:17 GMT" time="0.026" errors="0">
  <testcase name="btest" time="0.003" classname="testNG_pgm.Priority"/>
  <testcase name="atest" time="0.020" classname="testNG_pgm.Priority"/>
  <testcase name="ctest" time="0.003" classname="testNG_pgm.Priority"/>
</testsuite> <!-- testNG_pgm.Priority -->
