<?xml version="1.0" encoding="UTF-8"?>
<!-- Generated by org.testng.reporters.JUnitReportReporter -->
<testsuite skipped="0" hostname="DESKTOP-43OLE1J" name="testNG_pgm.P1" tests="1" failures="0" timestamp="07 Sep 2021 05:33:01 GMT" time="5.568" errors="0">
  <testcase name="aacebook" time="5.568" classname="testNG_pgm.P1"/>
</testsuite> <!-- testNG_pgm.P1 -->
