<?xml version="1.0" encoding="UTF-8"?>
<!-- Generated by org.testng.reporters.JUnitReportReporter -->
<testsuite skipped="0" hostname="DESKTOP-43OLE1J" name="parallel_Execution.P1" tests="2" failures="0" timestamp="14 Sep 2021 07:24:51 GMT" time="28.289" errors="0">
  <testcase name="actilogin" time="16.310" classname="parallel_Execution.P1"/>
  <testcase name="actilogin" time="11.979" classname="parallel_Execution.P1"/>
</testsuite> <!-- parallel_Execution.P1 -->
