<?xml version="1.0" encoding="UTF-8"?>
<!-- Generated by org.testng.reporters.JUnitReportReporter -->
<testsuite skipped="0" hostname="DESKTOP-43OLE1J" name="testNG_pgm.Demo" tests="1" failures="0" timestamp="06 Sep 2021 08:20:29 GMT" time="0.020" errors="0">
  <testcase name="demo" time="0.020" classname="testNG_pgm.Demo"/>
</testsuite> <!-- testNG_pgm.Demo -->
