<?xml version="1.0" encoding="UTF-8"?>
<!-- Generated by org.testng.reporters.JUnitReportReporter -->
<testsuite skipped="0" hostname="DESKTOP-43OLE1J" name="testNG_pgm.Acti_FB" tests="2" failures="0" timestamp="06 Sep 2021 09:14:33 GMT" time="22.316" errors="0">
  <testcase name="fblogin" time="8.190" classname="testNG_pgm.Acti_FB"/>
  <testcase name="actitime" time="14.126" classname="testNG_pgm.Acti_FB"/>
</testsuite> <!-- testNG_pgm.Acti_FB -->
