<?xml version="1.0" encoding="UTF-8"?>
<!-- Generated by org.testng.reporters.JUnitReportReporter -->
<testsuite skipped="0" hostname="DESKTOP-43OLE1J" name="testNG_pgm.After_Bef_Methods" tests="2" failures="0" timestamp="06 Sep 2021 12:41:20 GMT" time="21.191" errors="0">
  <testcase name="FB" time="7.288" classname="testNG_pgm.After_Bef_Methods"/>
  <testcase name="acti" time="13.903" classname="testNG_pgm.After_Bef_Methods"/>
</testsuite> <!-- testNG_pgm.After_Bef_Methods -->
