<?xml version="1.0" encoding="UTF-8"?>
<!-- Generated by org.testng.reporters.JUnitReportReporter -->
<testsuite hostname="DESKTOP-43OLE1J" name="testNG_pgm.Assert_true" tests="1" failures="0" timestamp="27 Dec 2021 11:33:09 GMT" time="16.596" errors="0">
  <testcase name="check_selected" time="16.596" classname="testNG_pgm.Assert_true"/>
</testsuite> <!-- testNG_pgm.Assert_true -->
