<?xml version="1.0" encoding="UTF-8"?>
<!-- Generated by org.testng.reporters.JUnitReportReporter -->
<testsuite skipped="0" hostname="DESKTOP-43OLE1J" name="testNG_pgm.Assert" tests="1" failures="0" timestamp="08 Sep 2021 07:30:39 GMT" time="13.747" errors="0">
  <testcase name="Actitime" time="13.747" classname="testNG_pgm.Assert"/>
</testsuite> <!-- testNG_pgm.Assert -->
