<?xml version="1.0" encoding="UTF-8"?>
<!-- Generated by org.testng.reporters.JUnitReportReporter -->
<testsuite skipped="0" hostname="DESKTOP-43OLE1J" name="testNG_pgm.Invocation_Count" tests="9" failures="0" timestamp="07 Sep 2021 10:53:00 GMT" time="0.048" errors="0">
  <testcase name="atest" time="0.003" classname="testNG_pgm.Invocation_Count"/>
  <testcase name="atest" time="0.003" classname="testNG_pgm.Invocation_Count"/>
  <testcase name="atest" time="0.019" classname="testNG_pgm.Invocation_Count"/>
  <testcase name="ctest" time="0.004" classname="testNG_pgm.Invocation_Count"/>
  <testcase name="atest" time="0.005" classname="testNG_pgm.Invocation_Count"/>
  <testcase name="atest" time="0.003" classname="testNG_pgm.Invocation_Count"/>
  <testcase name="btest" time="0.005" classname="testNG_pgm.Invocation_Count"/>
  <testcase name="btest" time="0.002" classname="testNG_pgm.Invocation_Count"/>
  <testcase name="btest" time="0.004" classname="testNG_pgm.Invocation_Count"/>
</testsuite> <!-- testNG_pgm.Invocation_Count -->
