<?xml version="1.0" encoding="UTF-8"?>
<!-- Generated by org.testng.reporters.JUnitReportReporter -->
<testsuite hostname="DESKTOP-43OLE1J" name="actionclass.MouseoverDemo" tests="1" failures="0" timestamp="11 Nov 2021 03:29:25 GMT" time="6.158" errors="0">
  <testcase name="mouseover" time="6.158" classname="actionclass.MouseoverDemo"/>
</testsuite> <!-- actionclass.MouseoverDemo -->
