<?xml version="1.0" encoding="UTF-8"?>
<!-- Generated by org.testng.reporters.JUnitReportReporter -->
<testsuite skipped="0" hostname="DESKTOP-43OLE1J" name="com.qa.TestNGScripts.TestAnnotationDemo" tests="2" failures="0" timestamp="3 Nov 2021 03:31:18 GMT" time="0.023" errors="0">
  <testcase name="createmail" time="0.020" classname="com.qa.TestNGScripts.TestAnnotationDemo"/>
  <testcase name="login" time="0.003" classname="com.qa.TestNGScripts.TestAnnotationDemo"/>
</testsuite> <!-- com.qa.TestNGScripts.TestAnnotationDemo -->
