<?xml version="1.0" encoding="UTF-8"?>
<!-- Generated by org.testng.reporters.JUnitReportReporter -->
<testsuite hostname="DESKTOP-43OLE1J" name="com.qa.practice.Dependensonmthd" tests="4" failures="0" timestamp="27 Dec 2021 12:05:01 GMT" time="0.030" errors="0">
  <testcase name="login" time="0.021" classname="com.qa.practice.Dependensonmthd"/>
  <testcase name="logout" time="0.004" classname="com.qa.practice.Dependensonmthd"/>
  <testcase name="users" time="0.002" classname="com.qa.practice.Dependensonmthd"/>
  <testcase name="adduser" time="0.003" classname="com.qa.practice.Dependensonmthd"/>
</testsuite> <!-- com.qa.practice.Dependensonmthd -->
