<?xml version="1.0" encoding="UTF-8"?>
<!-- Generated by org.testng.reporters.JUnitReportReporter -->
<testsuite hostname="DESKTOP-43OLE1J" name="com.qa.practice.Test1" tests="2" failures="0" timestamp="16 Dec 2021 08:56:55 GMT" time="21.141" errors="0">
  <testcase name="fb" time="10.335" classname="com.qa.practice.Test1"/>
  <testcase name="actitime" time="10.806" classname="com.qa.practice.Test1"/>
</testsuite> <!-- com.qa.practice.Test1 -->
