<?xml version="1.0" encoding="UTF-8"?>
<!-- Generated by org.testng.reporters.JUnitReportReporter -->
<testsuite hostname="DESKTOP-43OLE1J" name="com.qa.practice.Test2" tests="1" failures="0" timestamp="16 Dec 2021 10:54:53 GMT" time="7.830" errors="0">
  <testcase name="actitime" time="7.830" classname="com.qa.practice.Test2"/>
</testsuite> <!-- com.qa.practice.Test2 -->
