<?xml version="1.0" encoding="UTF-8"?>
<!-- Generated by org.testng.reporters.JUnitReportReporter -->
<testsuite hostname="DESKTOP-43OLE1J" name="com.qa.practice.Groups" tests="4" failures="0" timestamp="27 Dec 2021 12:44:33 GMT" time="0.026" errors="0">
  <testcase name="mthd2" time="0.002" classname="com.qa.practice.Groups"/>
  <testcase name="mthd1" time="0.020" classname="com.qa.practice.Groups"/>
  <testcase name="mthd3" time="0.002" classname="com.qa.practice.Groups"/>
  <testcase name="mthd4" time="0.002" classname="com.qa.practice.Groups"/>
</testsuite> <!-- com.qa.practice.Groups -->
