<?xml version="1.0" encoding="UTF-8"?>
<!-- Generated by org.testng.reporters.JUnitReportReporter -->
<testsuite hostname="LAPTOP-K6TC2A2S" name="iit.POtracker_ops" tests="1" failures="0" timestamp="25 Jan 2022 10:54:00 GMT" time="35.092" errors="0">
  <testcase name="ops" time="35.092" classname="iit.POtracker_ops"/>
</testsuite> <!-- iit.POtracker_ops -->
