<?xml version="1.0" encoding="UTF-8"?>
<!-- Generated by org.testng.reporters.JUnitReportReporter -->
<testsuite hostname="DESKTOP-43OLE1J" name="com.qa.TestNGScripts.BefAftermethod" tests="2" failures="0" timestamp="4 Nov 2021 02:59:21 GMT" time="0.018" errors="0">
  <testcase name="test2" time="0.002" classname="com.qa.TestNGScripts.BefAftermethod"/>
  <testcase name="test1" time="0.016" classname="com.qa.TestNGScripts.BefAftermethod"/>
</testsuite> <!-- com.qa.TestNGScripts.BefAftermethod -->
