<?xml version="1.0" encoding="UTF-8"?>
<!-- Generated by org.testng.reporters.JUnitReportReporter -->
<testsuite hostname="DESKTOP-43OLE1J" name="actionclass.DragandDrop" tests="1" failures="0" timestamp="11 Nov 2021 03:11:38 GMT" time="7.146" errors="0">
  <testcase name="DragDropDemo" time="7.146" classname="actionclass.DragandDrop"/>
</testsuite> <!-- actionclass.DragandDrop -->
