<?xml version="1.0" encoding="UTF-8"?>
<!-- Generated by org.testng.reporters.JUnitReportReporter -->
<testsuite hostname="DESKTOP-43OLE1J" name="com.qa.TestNGScripts.HardAssert" tests="2" failures="0" timestamp="8 Nov 2021 02:04:35 GMT" time="10.401" errors="0">
  <testcase name="validate" time="0.026" classname="com.qa.TestNGScripts.HardAssert"/>
  <testcase name="validateTitle" time="10.375" classname="com.qa.TestNGScripts.HardAssert"/>
</testsuite> <!-- com.qa.TestNGScripts.HardAssert -->
