<?xml version="1.0" encoding="UTF-8"?>
<!-- Generated by org.testng.reporters.JUnitReportReporter -->
<testsuite hostname="LAPTOP-K6TC2A2S" name="iit.POtracker_inv" tests="1" failures="0" timestamp="25 Jan 2022 07:28:26 GMT" time="35.997" errors="0">
  <testcase name="inv" time="35.997" classname="iit.POtracker_inv"/>
</testsuite> <!-- iit.POtracker_inv -->
