<?xml version="1.0" encoding="UTF-8"?>
<!-- Generated by org.testng.reporters.JUnitReportReporter -->
<testsuite hostname="DESKTOP-43OLE1J" name="com.qa.practice.Test3" tests="1" failures="0" timestamp="16 Dec 2021 10:55:08 GMT" time="8.396" errors="0">
  <testcase name="fb" time="8.396" classname="com.qa.practice.Test3"/>
</testsuite> <!-- com.qa.practice.Test3 -->
