<?xml version="1.0" encoding="UTF-8"?>
<!-- Generated by org.testng.reporters.JUnitReportReporter -->
<testsuite hostname="DESKTOP-43OLE1J" name="com.qa.practice.Test4" tests="1" failures="0" timestamp="16 Dec 2021 11:15:02 GMT" time="7.224" errors="0">
  <testcase name="actitime" time="7.224" classname="com.qa.practice.Test4"/>
</testsuite> <!-- com.qa.practice.Test4 -->
